<?xml version="1.0" encoding="UTF-8"?>
<testsuite name="com.virtuslab.internship.discount.TenPercentDiscountTest" tests="2" skipped="0" failures="0" errors="0" timestamp="2022-03-07T22:20:44" hostname="DESKTOP-CGFSV2L" time="0.005">
  <properties/>
  <testcase name="shouldNotApplyDiscount()" classname="com.virtuslab.internship.discount.TenPercentDiscountTest" time="0.001"/>
  <testcase name="shouldApplyDiscount()" classname="com.virtuslab.internship.discount.TenPercentDiscountTest" time="0.002"/>
  <system-out><![CDATA[]]></system-out>
  <system-err><![CDATA[]]></system-err>
</testsuite>
