<?xml version="1.0" encoding="UTF-8"?>
<testsuite name="com.virtuslab.internship.discount.FifteenPercentDiscountTest" tests="2" skipped="0" failures="0" errors="0" timestamp="2022-03-07T22:20:44" hostname="DESKTOP-CGFSV2L" time="0.083">
  <properties/>
  <testcase name="shouldApplyDiscount()" classname="com.virtuslab.internship.discount.FifteenPercentDiscountTest" time="0.08"/>
  <testcase name="shouldApplyOnly15PercentDiscount()" classname="com.virtuslab.internship.discount.FifteenPercentDiscountTest" time="0.001"/>
  <system-out><![CDATA[]]></system-out>
  <system-err><![CDATA[]]></system-err>
</testsuite>
